# JRE version: Java(TM) SE Runtime Environment (8.0_131-b11) (build 1.8.0_131-b11)
# Java VM: Java HotSpot(TM) 64-Bit Server VM (25.131-b11 mixed mode windows-amd64 compressed oops)
Heap:
 PSYoungGen      total 17408K, used 8081K [0x00000000fe200000, 0x00000000ff400000, 0x0000000100000000)
  eden space 16384K, 46% used [0x00000000fe200000,0x00000000fe968518,0x00000000ff200000)
  from space 1024K, 48% used [0x00000000ff300000,0x00000000ff37c020,0x00000000ff400000)
  to   space 1024K, 0% used [0x00000000ff200000,0x00000000ff200000,0x00000000ff300000)
 ParOldGen       total 61440K, used 25221K [0x00000000fa600000, 0x00000000fe200000, 0x00000000fe200000)
  object space 61440K, 41% used [0x00000000fa600000,0x00000000fbea1518,0x00000000fe200000)
 Metaspace       used 44044K, capacity 46544K, committed 46720K, reserved 1089536K
  class space    used 6008K, capacity 6456K, committed 6528K, reserved 1048576K
GC Heap History (10 events):
Event: 67705.712 GC heap before
{Heap before GC invocations=196 (full 2):
 PSYoungGen      total 17408K, used 16736K [0x00000000fe200000, 0x00000000ff400000, 0x0000000100000000)
  eden space 16384K, 100% used [0x00000000fe200000,0x00000000ff200000,0x00000000ff200000)
  from space 1024K, 34% used [0x00000000ff200000,0x00000000ff258030,0x00000000ff300000)
  to   space 1024K, 0% used [0x00000000ff300000,0x00000000ff300000,0x00000000ff400000)
 ParOldGen       total 61440K, used 25061K [0x00000000fa600000, 0x00000000fe200000, 0x00000000fe200000)
  object space 61440K, 40% used [0x00000000fa600000,0x00000000fbe79518,0x00000000fe200000)
 Metaspace       used 44039K, capacity 46544K, committed 46720K, reserved 1089536K
  class space    used 6007K, capacity 6456K, committed 6528K, reserved 1048576K
Event: 67705.713 GC heap after
Heap after GC invocations=196 (full 2):
 PSYoungGen      total 17408K, used 464K [0x00000000fe200000, 0x00000000ff400000, 0x0000000100000000)
  eden space 16384K, 0% used [0x00000000fe200000,0x00000000fe200000,0x00000000ff200000)
  from space 1024K, 45% used [0x00000000ff300000,0x00000000ff374020,0x00000000ff400000)
  to   space 1024K, 0% used [0x00000000ff200000,0x00000000ff200000,0x00000000ff300000)
 ParOldGen       total 61440K, used 25109K [0x00000000fa600000, 0x00000000fe200000, 0x00000000fe200000)
  object space 61440K, 40% used [0x00000000fa600000,0x00000000fbe85518,0x00000000fe200000)
 Metaspace       used 44039K, capacity 46544K, committed 46720K, reserved 1089536K
  class space    used 6007K, capacity 6456K, committed 6528K, reserved 1048576K
}
Event: 67897.399 GC heap before
{Heap before GC invocations=197 (full 2):
 PSYoungGen      total 17408K, used 16848K [0x00000000fe200000, 0x00000000ff400000, 0x0000000100000000)
  eden space 16384K, 100% used [0x00000000fe200000,0x00000000ff200000,0x00000000ff200000)
  from space 1024K, 45% used [0x00000000ff300000,0x00000000ff374020,0x00000000ff400000)
  to   space 1024K, 0% used [0x00000000ff200000,0x00000000ff200000,0x00000000ff300000)
 ParOldGen       total 61440K, used 25109K [0x00000000fa600000, 0x00000000fe200000, 0x00000000fe200000)
  object space 61440K, 40% used [0x00000000fa600000,0x00000000fbe85518,0x00000000fe200000)
 Metaspace       used 44039K, capacity 46544K, committed 46720K, reserved 1089536K
  class space    used 6007K, capacity 6456K, committed 6528K, reserved 1048576K
Event: 67897.401 GC heap after
Heap after GC invocations=197 (full 2):
 PSYoungGen      total 17408K, used 432K [0x00000000fe200000, 0x00000000ff400000, 0x0000000100000000)
  eden space 16384K, 0% used [0x00000000fe200000,0x00000000fe200000,0x00000000ff200000)
  from space 1024K, 42% used [0x00000000ff200000,0x00000000ff26c020,0x00000000ff300000)
  to   space 1024K, 0% used [0x00000000ff300000,0x00000000ff300000,0x00000000ff400000)
 ParOldGen       total 61440K, used 25141K [0x00000000fa600000, 0x00000000fe200000, 0x00000000fe200000)
  object space 61440K, 40% used [0x00000000fa600000,0x00000000fbe8d518,0x00000000fe200000)
 Metaspace       used 44039K, capacity 46544K, committed 46720K, reserved 1089536K
  class space    used 6007K, capacity 6456K, committed 6528K, reserved 1048576K
}
Event: 68083.788 GC heap before
{Heap before GC invocations=198 (full 2):
 PSYoungGen      total 17408K, used 16816K [0x00000000fe200000, 0x00000000ff400000, 0x0000000100000000)
  eden space 16384K, 100% used [0x00000000fe200000,0x00000000ff200000,0x00000000ff200000)
  from space 1024K, 42% used [0x00000000ff200000,0x00000000ff26c020,0x00000000ff300000)
  to   space 1024K, 0% used [0x00000000ff300000,0x00000000ff300000,0x00000000ff400000)
 ParOldGen       total 61440K, used 25141K [0x00000000fa600000, 0x00000000fe200000, 0x00000000fe200000)
  object space 61440K, 40% used [0x00000000fa600000,0x00000000fbe8d518,0x00000000fe200000)
 Metaspace       used 44039K, capacity 46544K, committed 46720K, reserved 1089536K
  class space    used 6007K, capacity 6456K, committed 6528K, reserved 1048576K
Event: 68083.790 GC heap after
Heap after GC invocations=198 (full 2):
 PSYoungGen      total 17408K, used 464K [0x00000000fe200000, 0x00000000ff400000, 0x0000000100000000)
  eden space 16384K, 0% used [0x00000000fe200000,0x00000000fe200000,0x00000000ff200000)
  from space 1024K, 45% used [0x00000000ff300000,0x00000000ff374020,0x00000000ff400000)
  to   space 1024K, 0% used [0x00000000ff200000,0x00000000ff200000,0x00000000ff300000)
 ParOldGen       total 61440K, used 25165K [0x00000000fa600000, 0x00000000fe200000, 0x00000000fe200000)
  object space 61440K, 40% used [0x00000000fa600000,0x00000000fbe93518,0x00000000fe200000)
 Metaspace       used 44039K, capacity 46544K, committed 46720K, reserved 1089536K
  class space    used 6007K, capacity 6456K, committed 6528K, reserved 1048576K
}
Event: 68267.513 GC heap before
{Heap before GC invocations=199 (full 2):
 PSYoungGen      total 17408K, used 16848K [0x00000000fe200000, 0x00000000ff400000, 0x0000000100000000)
  eden space 16384K, 100% used [0x00000000fe200000,0x00000000ff200000,0x00000000ff200000)
  from space 1024K, 45% used [0x00000000ff300000,0x00000000ff374020,0x00000000ff400000)
  to   space 1024K, 0% used [0x00000000ff200000,0x00000000ff200000,0x00000000ff300000)
 ParOldGen       total 61440K, used 25165K [0x00000000fa600000, 0x00000000fe200000, 0x00000000fe200000)
  object space 61440K, 40% used [0x00000000fa600000,0x00000000fbe93518,0x00000000fe200000)
 Metaspace       used 44044K, capacity 46544K, committed 46720K, reserved 1089536K
  class space    used 6008K, capacity 6456K, committed 6528K, reserved 1048576K
Event: 68267.515 GC heap after
Heap after GC invocations=199 (full 2):
 PSYoungGen      total 17408K, used 528K [0x00000000fe200000, 0x00000000ff400000, 0x0000000100000000)
  eden space 16384K, 0% used [0x00000000fe200000,0x00000000fe200000,0x00000000ff200000)
  from space 1024K, 51% used [0x00000000ff200000,0x00000000ff284040,0x00000000ff300000)
  to   space 1024K, 0% used [0x00000000ff300000,0x00000000ff300000,0x00000000ff400000)
 ParOldGen       total 61440K, used 25181K [0x00000000fa600000, 0x00000000fe200000, 0x00000000fe200000)
  object space 61440K, 40% used [0x00000000fa600000,0x00000000fbe97518,0x00000000fe200000)
 Metaspace       used 44044K, capacity 46544K, committed 46720K, reserved 1089536K
  class space    used 6008K, capacity 6456K, committed 6528K, reserved 1048576K
}
Event: 68457.589 GC heap before
{Heap before GC invocations=200 (full 2):
 PSYoungGen      total 17408K, used 16912K [0x00000000fe200000, 0x00000000ff400000, 0x0000000100000000)
  eden space 16384K, 100% used [0x00000000fe200000,0x00000000ff200000,0x00000000ff200000)
  from space 1024K, 51% used [0x00000000ff200000,0x00000000ff284040,0x00000000ff300000)
  to   space 1024K, 0% used [0x00000000ff300000,0x00000000ff300000,0x00000000ff400000)
 ParOldGen       total 61440K, used 25181K [0x00000000fa600000, 0x00000000fe200000, 0x00000000fe200000)
  object space 61440K, 40% used [0x00000000fa600000,0x00000000fbe97518,0x00000000fe200000)
 Metaspace       used 44044K, capacity 46544K, committed 46720K, reserved 1089536K
  class space    used 6008K, capacity 6456K, committed 6528K, reserved 1048576K
Event: 68457.591 GC heap after
Heap after GC invocations=200 (full 2):
 PSYoungGen      total 17408K, used 496K [0x00000000fe200000, 0x00000000ff400000, 0x0000000100000000)
  eden space 16384K, 0% used [0x00000000fe200000,0x00000000fe200000,0x00000000ff200000)
  from space 1024K, 48% used [0x00000000ff300000,0x00000000ff37c020,0x00000000ff400000)
  to   space 1024K, 0% used [0x00000000ff200000,0x00000000ff200000,0x00000000ff300000)
 ParOldGen       total 61440K, used 25221K [0x00000000fa600000, 0x00000000fe200000, 0x00000000fe200000)
  object space 61440K, 41% used [0x00000000fa600000,0x00000000fbea1518,0x00000000fe200000)
 Metaspace       used 44044K, capacity 46544K, committed 46720K, reserved 1089536K
  class space    used 6008K, capacity 6456K, committed 6528K, reserved 1048576K
}

