# JRE version: Java(TM) SE Runtime Environment (8.0_131-b11) (build 1.8.0_131-b11)
# Java VM: Java HotSpot(TM) 64-Bit Server VM (25.131-b11 mixed mode windows-amd64 compressed oops)
Heap:
 PSYoungGen      total 18432K, used 17016K [0x00000000fe200000, 0x00000000fff00000, 0x0000000100000000)
  eden space 16384K, 94% used [0x00000000fe200000,0x00000000ff119858,0x00000000ff200000)
  from space 2048K, 75% used [0x00000000ff200000,0x00000000ff3848c0,0x00000000ff400000)
  to   space 6656K, 0% used [0x00000000ff880000,0x00000000ff880000,0x00000000fff00000)
 ParOldGen       total 38400K, used 14332K [0x00000000fa600000, 0x00000000fcb80000, 0x00000000fe200000)
  object space 38400K, 37% used [0x00000000fa600000,0x00000000fb3ff3b0,0x00000000fcb80000)
 Metaspace       used 31844K, capacity 33326K, committed 33408K, reserved 1077248K
  class space    used 4354K, capacity 4661K, committed 4736K, reserved 1048576K
GC Heap History (10 events):
Event: 3.578 GC heap before
{Heap before GC invocations=16 (full 1):
 PSYoungGen      total 23040K, used 16638K [0x00000000fe200000, 0x0000000100000000, 0x0000000100000000)
  eden space 15360K, 100% used [0x00000000fe200000,0x00000000ff100000,0x00000000ff100000)
  from space 7680K, 16% used [0x00000000ff880000,0x00000000ff9bf840,0x0000000100000000)
  to   space 7680K, 0% used [0x00000000ff100000,0x00000000ff100000,0x00000000ff880000)
 ParOldGen       total 38400K, used 10820K [0x00000000fa600000, 0x00000000fcb80000, 0x00000000fe200000)
  object space 38400K, 28% used [0x00000000fa600000,0x00000000fb0913a0,0x00000000fcb80000)
 Metaspace       used 28226K, capacity 29290K, committed 29440K, reserved 1075200K
  class space    used 3825K, capacity 4071K, committed 4096K, reserved 1048576K
Event: 3.580 GC heap after
Heap after GC invocations=16 (full 1):
 PSYoungGen      total 23040K, used 1763K [0x00000000fe200000, 0x0000000100000000, 0x0000000100000000)
  eden space 15360K, 0% used [0x00000000fe200000,0x00000000fe200000,0x00000000ff100000)
  from space 7680K, 22% used [0x00000000ff100000,0x00000000ff2b8da0,0x00000000ff880000)
  to   space 7680K, 0% used [0x00000000ff880000,0x00000000ff880000,0x0000000100000000)
 ParOldGen       total 38400K, used 11604K [0x00000000fa600000, 0x00000000fcb80000, 0x00000000fe200000)
  object space 38400K, 30% used [0x00000000fa600000,0x00000000fb1553a0,0x00000000fcb80000)
 Metaspace       used 28226K, capacity 29290K, committed 29440K, reserved 1075200K
  class space    used 3825K, capacity 4071K, committed 4096K, reserved 1048576K
}
Event: 3.673 GC heap before
{Heap before GC invocations=17 (full 1):
 PSYoungGen      total 23040K, used 17123K [0x00000000fe200000, 0x0000000100000000, 0x0000000100000000)
  eden space 15360K, 100% used [0x00000000fe200000,0x00000000ff100000,0x00000000ff100000)
  from space 7680K, 22% used [0x00000000ff100000,0x00000000ff2b8da0,0x00000000ff880000)
  to   space 7680K, 0% used [0x00000000ff880000,0x00000000ff880000,0x0000000100000000)
 ParOldGen       total 38400K, used 11604K [0x00000000fa600000, 0x00000000fcb80000, 0x00000000fe200000)
  object space 38400K, 30% used [0x00000000fa600000,0x00000000fb1553a0,0x00000000fcb80000)
 Metaspace       used 29073K, capacity 30230K, committed 30336K, reserved 1075200K
  class space    used 3942K, capacity 4191K, committed 4224K, reserved 1048576K
Event: 3.675 GC heap after
Heap after GC invocations=17 (full 1):
 PSYoungGen      total 22016K, used 1695K [0x00000000fe200000, 0x00000000fff00000, 0x0000000100000000)
  eden space 15360K, 0% used [0x00000000fe200000,0x00000000fe200000,0x00000000ff100000)
  from space 6656K, 25% used [0x00000000ff880000,0x00000000ffa27c60,0x00000000fff00000)
  to   space 7168K, 0% used [0x00000000ff100000,0x00000000ff100000,0x00000000ff800000)
 ParOldGen       total 38400K, used 12444K [0x00000000fa600000, 0x00000000fcb80000, 0x00000000fe200000)
  object space 38400K, 32% used [0x00000000fa600000,0x00000000fb2273a0,0x00000000fcb80000)
 Metaspace       used 29073K, capacity 30230K, committed 30336K, reserved 1075200K
  class space    used 3942K, capacity 4191K, committed 4224K, reserved 1048576K
}
Event: 4.801 GC heap before
{Heap before GC invocations=18 (full 1):
 PSYoungGen      total 22016K, used 17055K [0x00000000fe200000, 0x00000000fff00000, 0x0000000100000000)
  eden space 15360K, 100% used [0x00000000fe200000,0x00000000ff100000,0x00000000ff100000)
  from space 6656K, 25% used [0x00000000ff880000,0x00000000ffa27c60,0x00000000fff00000)
  to   space 7168K, 0% used [0x00000000ff100000,0x00000000ff100000,0x00000000ff800000)
 ParOldGen       total 38400K, used 12444K [0x00000000fa600000, 0x00000000fcb80000, 0x00000000fe200000)
  object space 38400K, 32% used [0x00000000fa600000,0x00000000fb2273a0,0x00000000fcb80000)
 Metaspace       used 29899K, capacity 31104K, committed 31232K, reserved 1077248K
  class space    used 4055K, capacity 4324K, committed 4352K, reserved 1048576K
Event: 4.804 GC heap after
Heap after GC invocations=18 (full 1):
 PSYoungGen      total 22528K, used 1267K [0x00000000fe200000, 0x0000000100000000, 0x0000000100000000)
  eden space 15360K, 0% used [0x00000000fe200000,0x00000000fe200000,0x00000000ff100000)
  from space 7168K, 17% used [0x00000000ff100000,0x00000000ff23ccd8,0x00000000ff800000)
  to   space 7168K, 0% used [0x00000000ff900000,0x00000000ff900000,0x0000000100000000)
 ParOldGen       total 38400K, used 13468K [0x00000000fa600000, 0x00000000fcb80000, 0x00000000fe200000)
  object space 38400K, 35% used [0x00000000fa600000,0x00000000fb3273a0,0x00000000fcb80000)
 Metaspace       used 29899K, capacity 31104K, committed 31232K, reserved 1077248K
  class space    used 4055K, capacity 4324K, committed 4352K, reserved 1048576K
}
Event: 4.899 GC heap before
{Heap before GC invocations=19 (full 1):
 PSYoungGen      total 22528K, used 16627K [0x00000000fe200000, 0x0000000100000000, 0x0000000100000000)
  eden space 15360K, 100% used [0x00000000fe200000,0x00000000ff100000,0x00000000ff100000)
  from space 7168K, 17% used [0x00000000ff100000,0x00000000ff23ccd8,0x00000000ff800000)
  to   space 7168K, 0% used [0x00000000ff900000,0x00000000ff900000,0x0000000100000000)
 ParOldGen       total 38400K, used 13468K [0x00000000fa600000, 0x00000000fcb80000, 0x00000000fe200000)
  object space 38400K, 35% used [0x00000000fa600000,0x00000000fb3273a0,0x00000000fcb80000)
 Metaspace       used 30383K, capacity 31690K, committed 31872K, reserved 1077248K
  class space    used 4136K, capacity 4425K, committed 4480K, reserved 1048576K
Event: 4.900 GC heap after
Heap after GC invocations=19 (full 1):
 PSYoungGen      total 23552K, used 942K [0x00000000fe200000, 0x0000000100000000, 0x0000000100000000)
  eden space 16384K, 0% used [0x00000000fe200000,0x00000000fe200000,0x00000000ff200000)
  from space 7168K, 13% used [0x00000000ff900000,0x00000000ff9eb928,0x0000000100000000)
  to   space 7168K, 0% used [0x00000000ff200000,0x00000000ff200000,0x00000000ff900000)
 ParOldGen       total 38400K, used 13988K [0x00000000fa600000, 0x00000000fcb80000, 0x00000000fe200000)
  object space 38400K, 36% used [0x00000000fa600000,0x00000000fb3a93b0,0x00000000fcb80000)
 Metaspace       used 30383K, capacity 31690K, committed 31872K, reserved 1077248K
  class space    used 4136K, capacity 4425K, committed 4480K, reserved 1048576K
}
Event: 5.011 GC heap before
{Heap before GC invocations=20 (full 1):
 PSYoungGen      total 23552K, used 17326K [0x00000000fe200000, 0x0000000100000000, 0x0000000100000000)
  eden space 16384K, 100% used [0x00000000fe200000,0x00000000ff200000,0x00000000ff200000)
  from space 7168K, 13% used [0x00000000ff900000,0x00000000ff9eb928,0x0000000100000000)
  to   space 7168K, 0% used [0x00000000ff200000,0x00000000ff200000,0x00000000ff900000)
 ParOldGen       total 38400K, used 13988K [0x00000000fa600000, 0x00000000fcb80000, 0x00000000fe200000)
  object space 38400K, 36% used [0x00000000fa600000,0x00000000fb3a93b0,0x00000000fcb80000)
 Metaspace       used 31233K, capacity 32546K, committed 32768K, reserved 1077248K
  class space    used 4257K, capacity 4539K, committed 4608K, reserved 1048576K
Event: 5.013 GC heap after
Heap after GC invocations=20 (full 1):
 PSYoungGen      total 18432K, used 1554K [0x00000000fe200000, 0x00000000fff00000, 0x0000000100000000)
  eden space 16384K, 0% used [0x00000000fe200000,0x00000000fe200000,0x00000000ff200000)
  from space 2048K, 75% used [0x00000000ff200000,0x00000000ff3848c0,0x00000000ff400000)
  to   space 6656K, 0% used [0x00000000ff880000,0x00000000ff880000,0x00000000fff00000)
 ParOldGen       total 38400K, used 14332K [0x00000000fa600000, 0x00000000fcb80000, 0x00000000fe200000)
  object space 38400K, 37% used [0x00000000fa600000,0x00000000fb3ff3b0,0x00000000fcb80000)
 Metaspace       used 31233K, capacity 32546K, committed 32768K, reserved 1077248K
  class space    used 4257K, capacity 4539K, committed 4608K, reserved 1048576K
}

