# JRE version: Java(TM) SE Runtime Environment (8.0_131-b11) (build 1.8.0_131-b11)
# Java VM: Java HotSpot(TM) 64-Bit Server VM (25.131-b11 mixed mode windows-amd64 compressed oops)
Heap:
 PSYoungGen      total 17920K, used 6888K [0x00000000fdf00000, 0x00000000ff200000, 0x0000000100000000)
  eden space 16384K, 39% used [0x00000000fdf00000,0x00000000fe562370,0x00000000fef00000)
  from space 1536K, 22% used [0x00000000fef00000,0x00000000fef58000,0x00000000ff080000)
  to   space 1536K, 0% used [0x00000000ff080000,0x00000000ff080000,0x00000000ff200000)
 ParOldGen       total 68608K, used 26590K [0x00000000f9c00000, 0x00000000fdf00000, 0x00000000fdf00000)
  object space 68608K, 38% used [0x00000000f9c00000,0x00000000fb5f78b0,0x00000000fdf00000)
 Metaspace       used 42529K, capacity 44798K, committed 45312K, reserved 1089536K
  class space    used 5562K, capacity 5990K, committed 6144K, reserved 1048576K
GC Heap History (10 events):
Event: 67930.495 GC heap before
{Heap before GC invocations=364 (full 3):
 PSYoungGen      total 18432K, used 16736K [0x00000000fdf00000, 0x00000000ff300000, 0x0000000100000000)
  eden space 16384K, 100% used [0x00000000fdf00000,0x00000000fef00000,0x00000000fef00000)
  from space 2048K, 17% used [0x00000000ff100000,0x00000000ff158000,0x00000000ff300000)
  to   space 2048K, 0% used [0x00000000fef00000,0x00000000fef00000,0x00000000ff100000)
 ParOldGen       total 68608K, used 26590K [0x00000000f9c00000, 0x00000000fdf00000, 0x00000000fdf00000)
  object space 68608K, 38% used [0x00000000f9c00000,0x00000000fb5f78b0,0x00000000fdf00000)
 Metaspace       used 42529K, capacity 44798K, committed 45312K, reserved 1089536K
  class space    used 5562K, capacity 5990K, committed 6144K, reserved 1048576K
Event: 67930.497 GC heap after
Heap after GC invocations=364 (full 3):
 PSYoungGen      total 16896K, used 208K [0x00000000fdf00000, 0x00000000ff200000, 0x0000000100000000)
  eden space 16384K, 0% used [0x00000000fdf00000,0x00000000fdf00000,0x00000000fef00000)
  from space 512K, 40% used [0x00000000fef00000,0x00000000fef34010,0x00000000fef80000)
  to   space 1536K, 0% used [0x00000000ff080000,0x00000000ff080000,0x00000000ff200000)
 ParOldGen       total 68608K, used 26590K [0x00000000f9c00000, 0x00000000fdf00000, 0x00000000fdf00000)
  object space 68608K, 38% used [0x00000000f9c00000,0x00000000fb5f78b0,0x00000000fdf00000)
 Metaspace       used 42529K, capacity 44798K, committed 45312K, reserved 1089536K
  class space    used 5562K, capacity 5990K, committed 6144K, reserved 1048576K
}
Event: 68020.993 GC heap before
{Heap before GC invocations=365 (full 3):
 PSYoungGen      total 16896K, used 16592K [0x00000000fdf00000, 0x00000000ff200000, 0x0000000100000000)
  eden space 16384K, 100% used [0x00000000fdf00000,0x00000000fef00000,0x00000000fef00000)
  from space 512K, 40% used [0x00000000fef00000,0x00000000fef34010,0x00000000fef80000)
  to   space 1536K, 0% used [0x00000000ff080000,0x00000000ff080000,0x00000000ff200000)
 ParOldGen       total 68608K, used 26590K [0x00000000f9c00000, 0x00000000fdf00000, 0x00000000fdf00000)
  object space 68608K, 38% used [0x00000000f9c00000,0x00000000fb5f78b0,0x00000000fdf00000)
 Metaspace       used 42529K, capacity 44798K, committed 45312K, reserved 1089536K
  class space    used 5562K, capacity 5990K, committed 6144K, reserved 1048576K
Event: 68020.995 GC heap after
Heap after GC invocations=365 (full 3):
 PSYoungGen      total 17920K, used 320K [0x00000000fdf00000, 0x00000000ff200000, 0x0000000100000000)
  eden space 16384K, 0% used [0x00000000fdf00000,0x00000000fdf00000,0x00000000fef00000)
  from space 1536K, 20% used [0x00000000ff080000,0x00000000ff0d0000,0x00000000ff200000)
  to   space 1536K, 0% used [0x00000000fef00000,0x00000000fef00000,0x00000000ff080000)
 ParOldGen       total 68608K, used 26590K [0x00000000f9c00000, 0x00000000fdf00000, 0x00000000fdf00000)
  object space 68608K, 38% used [0x00000000f9c00000,0x00000000fb5f78b0,0x00000000fdf00000)
 Metaspace       used 42529K, capacity 44798K, committed 45312K, reserved 1089536K
  class space    used 5562K, capacity 5990K, committed 6144K, reserved 1048576K
}
Event: 68113.382 GC heap before
{Heap before GC invocations=366 (full 3):
 PSYoungGen      total 17920K, used 16704K [0x00000000fdf00000, 0x00000000ff200000, 0x0000000100000000)
  eden space 16384K, 100% used [0x00000000fdf00000,0x00000000fef00000,0x00000000fef00000)
  from space 1536K, 20% used [0x00000000ff080000,0x00000000ff0d0000,0x00000000ff200000)
  to   space 1536K, 0% used [0x00000000fef00000,0x00000000fef00000,0x00000000ff080000)
 ParOldGen       total 68608K, used 26590K [0x00000000f9c00000, 0x00000000fdf00000, 0x00000000fdf00000)
  object space 68608K, 38% used [0x00000000f9c00000,0x00000000fb5f78b0,0x00000000fdf00000)
 Metaspace       used 42529K, capacity 44798K, committed 45312K, reserved 1089536K
  class space    used 5562K, capacity 5990K, committed 6144K, reserved 1048576K
Event: 68113.383 GC heap after
Heap after GC invocations=366 (full 3):
 PSYoungGen      total 17920K, used 320K [0x00000000fdf00000, 0x00000000ff200000, 0x0000000100000000)
  eden space 16384K, 0% used [0x00000000fdf00000,0x00000000fdf00000,0x00000000fef00000)
  from space 1536K, 20% used [0x00000000fef00000,0x00000000fef50000,0x00000000ff080000)
  to   space 1536K, 0% used [0x00000000ff080000,0x00000000ff080000,0x00000000ff200000)
 ParOldGen       total 68608K, used 26590K [0x00000000f9c00000, 0x00000000fdf00000, 0x00000000fdf00000)
  object space 68608K, 38% used [0x00000000f9c00000,0x00000000fb5f78b0,0x00000000fdf00000)
 Metaspace       used 42529K, capacity 44798K, committed 45312K, reserved 1089536K
  class space    used 5562K, capacity 5990K, committed 6144K, reserved 1048576K
}
Event: 68203.966 GC heap before
{Heap before GC invocations=367 (full 3):
 PSYoungGen      total 17920K, used 16704K [0x00000000fdf00000, 0x00000000ff200000, 0x0000000100000000)
  eden space 16384K, 100% used [0x00000000fdf00000,0x00000000fef00000,0x00000000fef00000)
  from space 1536K, 20% used [0x00000000fef00000,0x00000000fef50000,0x00000000ff080000)
  to   space 1536K, 0% used [0x00000000ff080000,0x00000000ff080000,0x00000000ff200000)
 ParOldGen       total 68608K, used 26590K [0x00000000f9c00000, 0x00000000fdf00000, 0x00000000fdf00000)
  object space 68608K, 38% used [0x00000000f9c00000,0x00000000fb5f78b0,0x00000000fdf00000)
 Metaspace       used 42529K, capacity 44798K, committed 45312K, reserved 1089536K
  class space    used 5562K, capacity 5990K, committed 6144K, reserved 1048576K
Event: 68203.967 GC heap after
Heap after GC invocations=367 (full 3):
 PSYoungGen      total 17920K, used 352K [0x00000000fdf00000, 0x00000000ff200000, 0x0000000100000000)
  eden space 16384K, 0% used [0x00000000fdf00000,0x00000000fdf00000,0x00000000fef00000)
  from space 1536K, 22% used [0x00000000ff080000,0x00000000ff0d8000,0x00000000ff200000)
  to   space 1536K, 0% used [0x00000000fef00000,0x00000000fef00000,0x00000000ff080000)
 ParOldGen       total 68608K, used 26590K [0x00000000f9c00000, 0x00000000fdf00000, 0x00000000fdf00000)
  object space 68608K, 38% used [0x00000000f9c00000,0x00000000fb5f78b0,0x00000000fdf00000)
 Metaspace       used 42529K, capacity 44798K, committed 45312K, reserved 1089536K
  class space    used 5562K, capacity 5990K, committed 6144K, reserved 1048576K
}
Event: 68295.638 GC heap before
{Heap before GC invocations=368 (full 3):
 PSYoungGen      total 17920K, used 16736K [0x00000000fdf00000, 0x00000000ff200000, 0x0000000100000000)
  eden space 16384K, 100% used [0x00000000fdf00000,0x00000000fef00000,0x00000000fef00000)
  from space 1536K, 22% used [0x00000000ff080000,0x00000000ff0d8000,0x00000000ff200000)
  to   space 1536K, 0% used [0x00000000fef00000,0x00000000fef00000,0x00000000ff080000)
 ParOldGen       total 68608K, used 26590K [0x00000000f9c00000, 0x00000000fdf00000, 0x00000000fdf00000)
  object space 68608K, 38% used [0x00000000f9c00000,0x00000000fb5f78b0,0x00000000fdf00000)
 Metaspace       used 42529K, capacity 44798K, committed 45312K, reserved 1089536K
  class space    used 5562K, capacity 5990K, committed 6144K, reserved 1048576K
Event: 68295.640 GC heap after
Heap after GC invocations=368 (full 3):
 PSYoungGen      total 17920K, used 352K [0x00000000fdf00000, 0x00000000ff200000, 0x0000000100000000)
  eden space 16384K, 0% used [0x00000000fdf00000,0x00000000fdf00000,0x00000000fef00000)
  from space 1536K, 22% used [0x00000000fef00000,0x00000000fef58000,0x00000000ff080000)
  to   space 1536K, 0% used [0x00000000ff080000,0x00000000ff080000,0x00000000ff200000)
 ParOldGen       total 68608K, used 26590K [0x00000000f9c00000, 0x00000000fdf00000, 0x00000000fdf00000)
  object space 68608K, 38% used [0x00000000f9c00000,0x00000000fb5f78b0,0x00000000fdf00000)
 Metaspace       used 42529K, capacity 44798K, committed 45312K, reserved 1089536K
  class space    used 5562K, capacity 5990K, committed 6144K, reserved 1048576K
}

