# JRE version: Java(TM) SE Runtime Environment (8.0_131-b11) (build 1.8.0_131-b11)
# Java VM: Java HotSpot(TM) 64-Bit Server VM (25.131-b11 mixed mode windows-amd64 compressed oops)
Heap:
 PSYoungGen      total 170496K, used 76444K [0x000000076b980000, 0x0000000778880000, 0x00000007c0000000)
  eden space 156672K, 41% used [0x000000076b980000,0x000000076f9b9578,0x0000000775280000)
  from space 13824K, 77% used [0x0000000775280000,0x0000000775cede20,0x0000000776000000)
  to   space 14336K, 0% used [0x0000000777a80000,0x0000000777a80000,0x0000000778880000)
 ParOldGen       total 110592K, used 16794K [0x00000006c2c00000, 0x00000006c9800000, 0x000000076b980000)
  object space 110592K, 15% used [0x00000006c2c00000,0x00000006c3c66ba8,0x00000006c9800000)
 Metaspace       used 43462K, capacity 45488K, committed 45528K, reserved 1089536K
  class space    used 5501K, capacity 5870K, committed 5888K, reserved 1048576K
GC Heap History (10 events):
Event: 3.791 GC heap before
{Heap before GC invocations=7 (full 1):
 PSYoungGen      total 135168K, used 112034K [0x000000076b980000, 0x0000000774980000, 0x00000007c0000000)
  eden space 124928K, 81% used [0x000000076b980000,0x0000000771d580e0,0x0000000773380000)
  from space 10240K, 95% used [0x0000000773480000,0x0000000773e10a18,0x0000000773e80000)
  to   space 11264K, 0% used [0x0000000773e80000,0x0000000773e80000,0x0000000774980000)
 ParOldGen       total 110592K, used 6999K [0x00000006c2c00000, 0x00000006c9800000, 0x000000076b980000)
  object space 110592K, 6% used [0x00000006c2c00000,0x00000006c32d5c88,0x00000006c9800000)
 Metaspace       used 34236K, capacity 35376K, committed 35416K, reserved 1079296K
  class space    used 4479K, capacity 4724K, committed 4736K, reserved 1048576K
Event: 3.797 GC heap after
Heap after GC invocations=7 (full 1):
 PSYoungGen      total 134144K, used 11243K [0x000000076b980000, 0x0000000777d80000, 0x00000007c0000000)
  eden space 122880K, 0% used [0x000000076b980000,0x000000076b980000,0x0000000773180000)
  from space 11264K, 99% used [0x0000000773e80000,0x000000077497af78,0x0000000774980000)
  to   space 13312K, 0% used [0x0000000773180000,0x0000000773180000,0x0000000773e80000)
 ParOldGen       total 110592K, used 8017K [0x00000006c2c00000, 0x00000006c9800000, 0x000000076b980000)
  object space 110592K, 7% used [0x00000006c2c00000,0x00000006c33d4498,0x00000006c9800000)
 Metaspace       used 34236K, capacity 35376K, committed 35416K, reserved 1079296K
  class space    used 4479K, capacity 4724K, committed 4736K, reserved 1048576K
}
Event: 3.798 GC heap before
{Heap before GC invocations=8 (full 2):
 PSYoungGen      total 134144K, used 11243K [0x000000076b980000, 0x0000000777d80000, 0x00000007c0000000)
  eden space 122880K, 0% used [0x000000076b980000,0x000000076b980000,0x0000000773180000)
  from space 11264K, 99% used [0x0000000773e80000,0x000000077497af78,0x0000000774980000)
  to   space 13312K, 0% used [0x0000000773180000,0x0000000773180000,0x0000000773e80000)
 ParOldGen       total 110592K, used 8017K [0x00000006c2c00000, 0x00000006c9800000, 0x000000076b980000)
  object space 110592K, 7% used [0x00000006c2c00000,0x00000006c33d4498,0x00000006c9800000)
 Metaspace       used 34236K, capacity 35376K, committed 35416K, reserved 1079296K
  class space    used 4479K, capacity 4724K, committed 4736K, reserved 1048576K
Event: 3.856 GC heap after
Heap after GC invocations=8 (full 2):
 PSYoungGen      total 134144K, used 0K [0x000000076b980000, 0x0000000777d80000, 0x00000007c0000000)
  eden space 122880K, 0% used [0x000000076b980000,0x000000076b980000,0x0000000773180000)
  from space 11264K, 0% used [0x0000000773e80000,0x0000000773e80000,0x0000000774980000)
  to   space 13312K, 0% used [0x0000000773180000,0x0000000773180000,0x0000000773e80000)
 ParOldGen       total 110592K, used 16770K [0x00000006c2c00000, 0x00000006c9800000, 0x000000076b980000)
  object space 110592K, 15% used [0x00000006c2c00000,0x00000006c3c60ba8,0x00000006c9800000)
 Metaspace       used 34236K, capacity 35376K, committed 35416K, reserved 1079296K
  class space    used 4479K, capacity 4724K, committed 4736K, reserved 1048576K
}
Event: 4.802 GC heap before
{Heap before GC invocations=9 (full 2):
 PSYoungGen      total 134144K, used 122880K [0x000000076b980000, 0x0000000777d80000, 0x00000007c0000000)
  eden space 122880K, 100% used [0x000000076b980000,0x0000000773180000,0x0000000773180000)
  from space 11264K, 0% used [0x0000000773e80000,0x0000000773e80000,0x0000000774980000)
  to   space 13312K, 0% used [0x0000000773180000,0x0000000773180000,0x0000000773e80000)
 ParOldGen       total 110592K, used 16770K [0x00000006c2c00000, 0x00000006c9800000, 0x000000076b980000)
  object space 110592K, 15% used [0x00000006c2c00000,0x00000006c3c60ba8,0x00000006c9800000)
 Metaspace       used 38458K, capacity 39794K, committed 39896K, reserved 1083392K
  class space    used 5003K, capacity 5291K, committed 5376K, reserved 1048576K
Event: 4.806 GC heap after
Heap after GC invocations=9 (full 2):
 PSYoungGen      total 136192K, used 4020K [0x000000076b980000, 0x0000000777000000, 0x00000007c0000000)
  eden space 122880K, 0% used [0x000000076b980000,0x000000076b980000,0x0000000773180000)
  from space 13312K, 30% used [0x0000000773180000,0x000000077356d268,0x0000000773e80000)
  to   space 13824K, 0% used [0x0000000776280000,0x0000000776280000,0x0000000777000000)
 ParOldGen       total 110592K, used 16778K [0x00000006c2c00000, 0x00000006c9800000, 0x000000076b980000)
  object space 110592K, 15% used [0x00000006c2c00000,0x00000006c3c62ba8,0x00000006c9800000)
 Metaspace       used 38458K, capacity 39794K, committed 39896K, reserved 1083392K
  class space    used 5003K, capacity 5291K, committed 5376K, reserved 1048576K
}
Event: 5.345 GC heap before
{Heap before GC invocations=10 (full 2):
 PSYoungGen      total 136192K, used 126900K [0x000000076b980000, 0x0000000777000000, 0x00000007c0000000)
  eden space 122880K, 100% used [0x000000076b980000,0x0000000773180000,0x0000000773180000)
  from space 13312K, 30% used [0x0000000773180000,0x000000077356d268,0x0000000773e80000)
  to   space 13824K, 0% used [0x0000000776280000,0x0000000776280000,0x0000000777000000)
 ParOldGen       total 110592K, used 16778K [0x00000006c2c00000, 0x00000006c9800000, 0x000000076b980000)
  object space 110592K, 15% used [0x00000006c2c00000,0x00000006c3c62ba8,0x00000006c9800000)
 Metaspace       used 39444K, capacity 40902K, committed 41176K, reserved 1085440K
  class space    used 5052K, capacity 5341K, committed 5376K, reserved 1048576K
Event: 5.348 GC heap after
Heap after GC invocations=10 (full 2):
 PSYoungGen      total 167936K, used 4401K [0x000000076b980000, 0x0000000776d80000, 0x00000007c0000000)
  eden space 156672K, 0% used [0x000000076b980000,0x000000076b980000,0x0000000775280000)
  from space 11264K, 39% used [0x0000000776280000,0x00000007766cc508,0x0000000776d80000)
  to   space 13824K, 0% used [0x0000000775280000,0x0000000775280000,0x0000000776000000)
 ParOldGen       total 110592K, used 16786K [0x00000006c2c00000, 0x00000006c9800000, 0x000000076b980000)
  object space 110592K, 15% used [0x00000006c2c00000,0x00000006c3c64ba8,0x00000006c9800000)
 Metaspace       used 39444K, capacity 40902K, committed 41176K, reserved 1085440K
  class space    used 5052K, capacity 5341K, committed 5376K, reserved 1048576K
}
Event: 5.910 GC heap before
{Heap before GC invocations=11 (full 2):
 PSYoungGen      total 167936K, used 161073K [0x000000076b980000, 0x0000000776d80000, 0x00000007c0000000)
  eden space 156672K, 100% used [0x000000076b980000,0x0000000775280000,0x0000000775280000)
  from space 11264K, 39% used [0x0000000776280000,0x00000007766cc508,0x0000000776d80000)
  to   space 13824K, 0% used [0x0000000775280000,0x0000000775280000,0x0000000776000000)
 ParOldGen       total 110592K, used 16786K [0x00000006c2c00000, 0x00000006c9800000, 0x000000076b980000)
  object space 110592K, 15% used [0x00000006c2c00000,0x00000006c3c64ba8,0x00000006c9800000)
 Metaspace       used 42468K, capacity 44350K, committed 44632K, reserved 1087488K
  class space    used 5370K, capacity 5725K, committed 5760K, reserved 1048576K
Event: 5.916 GC heap after
Heap after GC invocations=11 (full 2):
 PSYoungGen      total 170496K, used 10679K [0x000000076b980000, 0x0000000778880000, 0x00000007c0000000)
  eden space 156672K, 0% used [0x000000076b980000,0x000000076b980000,0x0000000775280000)
  from space 13824K, 77% used [0x0000000775280000,0x0000000775cede20,0x0000000776000000)
  to   space 14336K, 0% used [0x0000000777a80000,0x0000000777a80000,0x0000000778880000)
 ParOldGen       total 110592K, used 16794K [0x00000006c2c00000, 0x00000006c9800000, 0x000000076b980000)
  object space 110592K, 15% used [0x00000006c2c00000,0x00000006c3c66ba8,0x00000006c9800000)
 Metaspace       used 42468K, capacity 44350K, committed 44632K, reserved 1087488K
  class space    used 5370K, capacity 5725K, committed 5760K, reserved 1048576K
}

